\BOOKMARK [1][-]{section.1}{Main Page}{}
\BOOKMARK [1][-]{section.2}{Change Log}{}
\BOOKMARK [1][-]{section.3}{Todo List}{}
\BOOKMARK [1][-]{section.4}{Bug List}{}
\BOOKMARK [1][-]{section.5}{Hierarchical Index}{}
\BOOKMARK [2][-]{subsection.5.1}{Class Hierarchy}{section.5}
\BOOKMARK [1][-]{section.6}{Class Index}{}
\BOOKMARK [2][-]{subsection.6.1}{Class List}{section.6}
\BOOKMARK [1][-]{section.7}{File Index}{}
\BOOKMARK [2][-]{subsection.7.1}{File List}{section.7}
\BOOKMARK [1][-]{section.8}{Class Documentation}{}
\BOOKMARK [2][-]{subsection.8.1}{builder\137form Class Reference}{section.8}
\BOOKMARK [3][-]{subsubsection.8.1.1}{Detailed Description}{subsection.8.1}
\BOOKMARK [3][-]{subsubsection.8.1.2}{Member Function Documentation}{subsection.8.1}
\BOOKMARK [2][-]{subsection.8.2}{color\137input Class Reference}{section.8}
\BOOKMARK [3][-]{subsubsection.8.2.1}{Detailed Description}{subsection.8.2}
\BOOKMARK [2][-]{subsection.8.3}{crud Interface Reference}{section.8}
\BOOKMARK [3][-]{subsubsection.8.3.1}{Detailed Description}{subsection.8.3}
\BOOKMARK [3][-]{subsubsection.8.3.2}{Member Function Documentation}{subsection.8.3}
\BOOKMARK [2][-]{subsection.8.4}{database\137form Class Reference}{section.8}
\BOOKMARK [3][-]{subsubsection.8.4.1}{Detailed Description}{subsection.8.4}
\BOOKMARK [3][-]{subsubsection.8.4.2}{Member Function Documentation}{subsection.8.4}
\BOOKMARK [2][-]{subsection.8.5}{datalist\137input Class Reference}{section.8}
\BOOKMARK [3][-]{subsubsection.8.5.1}{Detailed Description}{subsection.8.5}
\BOOKMARK [3][-]{subsubsection.8.5.2}{Member Function Documentation}{subsection.8.5}
\BOOKMARK [2][-]{subsection.8.6}{date\137input Class Reference}{section.8}
\BOOKMARK [3][-]{subsubsection.8.6.1}{Detailed Description}{subsection.8.6}
\BOOKMARK [3][-]{subsubsection.8.6.2}{Member Function Documentation}{subsection.8.6}
\BOOKMARK [2][-]{subsection.8.7}{db\137form Class Reference}{section.8}
\BOOKMARK [3][-]{subsubsection.8.7.1}{Detailed Description}{subsection.8.7}
\BOOKMARK [3][-]{subsubsection.8.7.2}{Member Function Documentation}{subsection.8.7}
\BOOKMARK [2][-]{subsection.8.8}{email\137input Class Reference}{section.8}
\BOOKMARK [2][-]{subsection.8.9}{event Class Reference}{section.8}
\BOOKMARK [3][-]{subsubsection.8.9.1}{Detailed Description}{subsection.8.9}
\BOOKMARK [2][-]{subsection.8.10}{field Interface Reference}{section.8}
\BOOKMARK [3][-]{subsubsection.8.10.1}{Member Function Documentation}{subsection.8.10}
\BOOKMARK [2][-]{subsection.8.11}{file\137form Class Reference}{section.8}
\BOOKMARK [3][-]{subsubsection.8.11.1}{Detailed Description}{subsection.8.11}
\BOOKMARK [3][-]{subsubsection.8.11.2}{Member Function Documentation}{subsection.8.11}
\BOOKMARK [2][-]{subsection.8.12}{forms Class Reference}{section.8}
\BOOKMARK [3][-]{subsubsection.8.12.1}{Detailed Description}{subsection.8.12}
\BOOKMARK [3][-]{subsubsection.8.12.2}{Member Function Documentation}{subsection.8.12}
\BOOKMARK [2][-]{subsection.8.13}{fund\137item Class Reference}{section.8}
\BOOKMARK [2][-]{subsection.8.14}{funding Class Reference}{section.8}
\BOOKMARK [2][-]{subsection.8.15}{hidden\137input Class Reference}{section.8}
\BOOKMARK [3][-]{subsubsection.8.15.1}{Detailed Description}{subsection.8.15}
\BOOKMARK [3][-]{subsubsection.8.15.2}{Member Function Documentation}{subsection.8.15}
\BOOKMARK [2][-]{subsection.8.16}{input Class Reference}{section.8}
\BOOKMARK [3][-]{subsubsection.8.16.1}{Detailed Description}{subsection.8.16}
\BOOKMARK [3][-]{subsubsection.8.16.2}{Member Function Documentation}{subsection.8.16}
\BOOKMARK [2][-]{subsection.8.17}{input\137group Class Reference}{section.8}
\BOOKMARK [3][-]{subsubsection.8.17.1}{Detailed Description}{subsection.8.17}
\BOOKMARK [3][-]{subsubsection.8.17.2}{Member Function Documentation}{subsection.8.17}
\BOOKMARK [2][-]{subsection.8.18}{number\137input Class Reference}{section.8}
\BOOKMARK [3][-]{subsubsection.8.18.1}{Detailed Description}{subsection.8.18}
\BOOKMARK [3][-]{subsubsection.8.18.2}{Member Function Documentation}{subsection.8.18}
\BOOKMARK [2][-]{subsection.8.19}{observable Interface Reference}{section.8}
\BOOKMARK [3][-]{subsubsection.8.19.1}{Detailed Description}{subsection.8.19}
\BOOKMARK [3][-]{subsubsection.8.19.2}{Member Function Documentation}{subsection.8.19}
\BOOKMARK [2][-]{subsection.8.20}{observer Class Reference}{section.8}
\BOOKMARK [3][-]{subsubsection.8.20.1}{Detailed Description}{subsection.8.20}
\BOOKMARK [3][-]{subsubsection.8.20.2}{Member Function Documentation}{subsection.8.20}
\BOOKMARK [2][-]{subsection.8.21}{page Class Reference}{section.8}
\BOOKMARK [3][-]{subsubsection.8.21.1}{Detailed Description}{subsection.8.21}
\BOOKMARK [3][-]{subsubsection.8.21.2}{Member Function Documentation}{subsection.8.21}
\BOOKMARK [2][-]{subsection.8.22}{password\137input Class Reference}{section.8}
\BOOKMARK [2][-]{subsection.8.23}{range\137input Class Reference}{section.8}
\BOOKMARK [3][-]{subsubsection.8.23.1}{Detailed Description}{subsection.8.23}
\BOOKMARK [3][-]{subsubsection.8.23.2}{Member Function Documentation}{subsection.8.23}
\BOOKMARK [2][-]{subsection.8.24}{tel\137input Class Reference}{section.8}
\BOOKMARK [3][-]{subsubsection.8.24.1}{Detailed Description}{subsection.8.24}
\BOOKMARK [3][-]{subsubsection.8.24.2}{Member Function Documentation}{subsection.8.24}
\BOOKMARK [2][-]{subsection.8.25}{text\137input Class Reference}{section.8}
\BOOKMARK [3][-]{subsubsection.8.25.1}{Detailed Description}{subsection.8.25}
\BOOKMARK [2][-]{subsection.8.26}{textarea Class Reference}{section.8}
\BOOKMARK [3][-]{subsubsection.8.26.1}{Detailed Description}{subsection.8.26}
\BOOKMARK [3][-]{subsubsection.8.26.2}{Member Function Documentation}{subsection.8.26}
\BOOKMARK [2][-]{subsection.8.27}{texteditor Class Reference}{section.8}
\BOOKMARK [3][-]{subsubsection.8.27.1}{Detailed Description}{subsection.8.27}
\BOOKMARK [3][-]{subsubsection.8.27.2}{Member Function Documentation}{subsection.8.27}
\BOOKMARK [2][-]{subsection.8.28}{zip\137input Class Reference}{section.8}
\BOOKMARK [3][-]{subsubsection.8.28.1}{Detailed Description}{subsection.8.28}
\BOOKMARK [3][-]{subsubsection.8.28.2}{Member Function Documentation}{subsection.8.28}
\BOOKMARK [1][-]{section.9}{File Documentation}{}
\BOOKMARK [2][-]{subsection.9.1}{crud.inc.php File Reference}{section.9}
\BOOKMARK [3][-]{subsubsection.9.1.1}{Detailed Description}{subsection.9.1}
\BOOKMARK [2][-]{subsection.9.2}{database\137form.inc.php File Reference}{section.9}
\BOOKMARK [3][-]{subsubsection.9.2.1}{Detailed Description}{subsection.9.2}
\BOOKMARK [2][-]{subsection.9.3}{db\137form.inc.php File Reference}{section.9}
\BOOKMARK [3][-]{subsubsection.9.3.1}{Detailed Description}{subsection.9.3}
\BOOKMARK [2][-]{subsection.9.4}{event.inc.php File Reference}{section.9}
\BOOKMARK [3][-]{subsubsection.9.4.1}{Detailed Description}{subsection.9.4}
\BOOKMARK [2][-]{subsection.9.5}{extended\137inputs.inc.php File Reference}{section.9}
\BOOKMARK [3][-]{subsubsection.9.5.1}{Detailed Description}{subsection.9.5}
\BOOKMARK [2][-]{subsection.9.6}{field.inc.php File Reference}{section.9}
\BOOKMARK [3][-]{subsubsection.9.6.1}{Detailed Description}{subsection.9.6}
\BOOKMARK [2][-]{subsection.9.7}{file\137form.inc.php File Reference}{section.9}
\BOOKMARK [3][-]{subsubsection.9.7.1}{Detailed Description}{subsection.9.7}
\BOOKMARK [2][-]{subsection.9.8}{forms.inc.php File Reference}{section.9}
\BOOKMARK [3][-]{subsubsection.9.8.1}{Detailed Description}{subsection.9.8}
\BOOKMARK [2][-]{subsection.9.9}{hidden\137input.inc.php File Reference}{section.9}
\BOOKMARK [3][-]{subsubsection.9.9.1}{Detailed Description}{subsection.9.9}
\BOOKMARK [2][-]{subsection.9.10}{input.inc.php File Reference}{section.9}
\BOOKMARK [3][-]{subsubsection.9.10.1}{Detailed Description}{subsection.9.10}
\BOOKMARK [3][-]{subsubsection.9.10.2}{Variable Documentation}{subsection.9.10}
\BOOKMARK [2][-]{subsection.9.11}{input\137group.inc.php File Reference}{section.9}
\BOOKMARK [3][-]{subsubsection.9.11.1}{Detailed Description}{subsection.9.11}
\BOOKMARK [2][-]{subsection.9.12}{observable.inc.php File Reference}{section.9}
\BOOKMARK [3][-]{subsubsection.9.12.1}{Detailed Description}{subsection.9.12}
\BOOKMARK [2][-]{subsection.9.13}{observer.inc.php File Reference}{section.9}
\BOOKMARK [3][-]{subsubsection.9.13.1}{Detailed Description}{subsection.9.13}
\BOOKMARK [2][-]{subsection.9.14}{page.inc.php File Reference}{section.9}
\BOOKMARK [3][-]{subsubsection.9.14.1}{Detailed Description}{subsection.9.14}
\BOOKMARK [3][-]{subsubsection.9.14.2}{Variable Documentation}{subsection.9.14}
\BOOKMARK [2][-]{subsection.9.15}{textarea.inc.php File Reference}{section.9}
\BOOKMARK [3][-]{subsubsection.9.15.1}{Detailed Description}{subsection.9.15}
\BOOKMARK [2][-]{subsection.9.16}{texteditor.inc.php File Reference}{section.9}
\BOOKMARK [3][-]{subsubsection.9.16.1}{Detailed Description}{subsection.9.16}
\BOOKMARK [0][-]{section*.75}{Index}{}
